d:\work\vs2015\sfmltetris\sfmltetris\tetris\tetris\x64\debug\tetris.pch
d:\work\vs2015\sfmltetris\sfmltetris\tetris\tetris\x64\debug\vc140.pdb
d:\work\vs2015\sfmltetris\sfmltetris\tetris\tetris\x64\debug\vc140.idb
d:\work\vs2015\sfmltetris\sfmltetris\tetris\tetris\x64\debug\stdafx.obj
d:\work\vs2015\sfmltetris\sfmltetris\tetris\tetris\x64\debug\aicontroller.obj
d:\work\vs2015\sfmltetris\sfmltetris\tetris\tetris\x64\debug\aievaluator.obj
d:\work\vs2015\sfmltetris\sfmltetris\tetris\tetris\x64\debug\game.obj
d:\work\vs2015\sfmltetris\sfmltetris\tetris\tetris\x64\debug\main.obj
d:\work\vs2015\sfmltetris\sfmltetris\tetris\tetris\x64\debug\networking.obj
d:\work\vs2015\sfmltetris\sfmltetris\tetris\tetris\x64\debug\tetris.obj
d:\work\vs2015\sfmltetris\sfmltetris\tetris\tetris\x64\debug\aicontrollersystem.obj
d:\work\vs2015\sfmltetris\sfmltetris\tetris\x64\debug\tetris.pdb
d:\work\vs2015\sfmltetris\sfmltetris\tetris\tetris\x64\debug\tetris.tlog\cl.command.1.tlog
d:\work\vs2015\sfmltetris\sfmltetris\tetris\tetris\x64\debug\tetris.tlog\cl.read.1.tlog
d:\work\vs2015\sfmltetris\sfmltetris\tetris\tetris\x64\debug\tetris.tlog\cl.write.1.tlog
d:\work\vs2015\sfmltetris\sfmltetris\tetris\tetris\x64\debug\tetris.tlog\link.5920-cvtres.read.1.tlog
d:\work\vs2015\sfmltetris\sfmltetris\tetris\tetris\x64\debug\tetris.tlog\link.5920-cvtres.write.1.tlog
d:\work\vs2015\sfmltetris\sfmltetris\tetris\tetris\x64\debug\tetris.tlog\link.5920-rc.read.1.tlog
d:\work\vs2015\sfmltetris\sfmltetris\tetris\tetris\x64\debug\tetris.tlog\link.5920-rc.write.1.tlog
d:\work\vs2015\sfmltetris\sfmltetris\tetris\tetris\x64\debug\tetris.tlog\link.5920.read.1.tlog
d:\work\vs2015\sfmltetris\sfmltetris\tetris\tetris\x64\debug\tetris.tlog\link.5920.write.1.tlog
d:\work\vs2015\sfmltetris\sfmltetris\tetris\tetris\x64\debug\tetris.tlog\link.command.1.tlog
d:\work\vs2015\sfmltetris\sfmltetris\tetris\tetris\x64\debug\tetris.tlog\link.read.1.tlog
d:\work\vs2015\sfmltetris\sfmltetris\tetris\tetris\x64\debug\tetris.tlog\link.write.1.tlog
