Build started 9/28/2016 11:43:26 PM.
     1>Project "D:\Work\VS2015\SFMLTetris\SFMLTetris\Tetris\Tetris\Tetris.vcxproj" on node 2 (Build target(s)).
     1>ClCompile:
         C:\Program Files (x86)\Microsoft Visual Studio 14.0\VC\bin\x86_amd64\CL.exe /c /I"../../SFML-2.3.2/include" /I../../Raknet/Source /ZI /nologo /W3 /WX- /Od /D SFML_STATIC /D WIN32 /D _DEBUG /D _CONSOLE /D _UNICODE /D UNICODE /Gm /EHsc /RTC1 /MDd /GS /fp:precise /Zc:wchar_t /Zc:forScope /Zc:inline /Yu"stdafx.h" /Fp"x64\Debug\Tetris.pch" /Fo"x64\Debug\\" /Fd"x64\Debug\vc140.pdb" /Gd /TP /errorReport:prompt AIController.cpp AIEvaluator.cpp Game.cpp Main.cpp Networking.cpp Tetris.cpp
         Tetris.cpp
     1>d:\work\vs2015\sfmltetris\sfmltetris\tetris\tetris\tetris.cpp(15): warning C4244: 'argument': conversion from 'int' to 'float', possible loss of data
     1>d:\work\vs2015\sfmltetris\sfmltetris\tetris\tetris\tetris.cpp(176): warning C4244: '=': conversion from 'int' to 'float', possible loss of data
     1>d:\work\vs2015\sfmltetris\sfmltetris\tetris\tetris\tetris.cpp(187): warning C4244: '=': conversion from 'int' to 'float', possible loss of data
     1>d:\work\vs2015\sfmltetris\sfmltetris\tetris\tetris\tetris.cpp(188): warning C4244: '=': conversion from 'int' to 'float', possible loss of data
     1>d:\work\vs2015\sfmltetris\sfmltetris\tetris\tetris\tetris.cpp(250): warning C4244: 'argument': conversion from 'float' to 'int', possible loss of data
     1>d:\work\vs2015\sfmltetris\sfmltetris\tetris\tetris\tetris.cpp(460): warning C4244: '*=': conversion from 'float' to 'sf::Uint8', possible loss of data
     1>d:\work\vs2015\sfmltetris\sfmltetris\tetris\tetris\tetris.cpp(461): warning C4244: '*=': conversion from 'float' to 'sf::Uint8', possible loss of data
     1>d:\work\vs2015\sfmltetris\sfmltetris\tetris\tetris\tetris.cpp(462): warning C4244: '*=': conversion from 'float' to 'sf::Uint8', possible loss of data
     1>d:\work\vs2015\sfmltetris\sfmltetris\tetris\tetris\tetris.cpp(824): warning C4244: 'argument': conversion from 'int' to 'float', possible loss of data
     1>d:\work\vs2015\sfmltetris\sfmltetris\tetris\tetris\tetris.cpp(833): warning C4244: 'argument': conversion from 'int' to 'float', possible loss of data
     1>d:\work\vs2015\sfmltetris\sfmltetris\tetris\tetris\tetris.cpp(850): warning C4244: 'argument': conversion from 'int' to 'float', possible loss of data
         Main.cpp
     1>d:\work\vs2015\sfmltetris\sfmltetris\tetris\tetris\main.cpp(61): warning C4244: 'argument': conversion from 'double' to 'float', possible loss of data
         Game.cpp
     1>d:\work\vs2015\sfmltetris\sfmltetris\tetris\tetris\game.cpp(98): warning C4244: 'argument': conversion from 'int' to 'float', possible loss of data
         AIEvaluator.cpp
     1>d:\work\vs2015\sfmltetris\sfmltetris\tetris\tetris\aievaluator.cpp(11): warning C4305: 'argument': truncation from 'double' to 'float'
     1>d:\work\vs2015\sfmltetris\sfmltetris\tetris\tetris\aievaluator.cpp(15): warning C4305: 'argument': truncation from 'double' to 'float'
     1>d:\work\vs2015\sfmltetris\sfmltetris\tetris\tetris\aievaluator.cpp(16): warning C4305: 'argument': truncation from 'double' to 'float'
     1>d:\work\vs2015\sfmltetris\sfmltetris\tetris\tetris\aievaluator.cpp(85): warning C4244: 'initializing': conversion from 'float' to 'int', possible loss of data
     1>d:\work\vs2015\sfmltetris\sfmltetris\tetris\tetris\aievaluator.cpp(158): warning C4244: 'initializing': conversion from 'int' to 'float', possible loss of data
     1>d:\work\vs2015\sfmltetris\sfmltetris\tetris\tetris\aievaluator.cpp(232): warning C4244: '=': conversion from 'int' to 'float', possible loss of data
     1>d:\work\vs2015\sfmltetris\sfmltetris\tetris\tetris\aievaluator.cpp(236): warning C4244: '=': conversion from 'int' to 'float', possible loss of data
         AIController.cpp
         Generating Code...
         Compiling...
         Networking.cpp
     1>d:\work\vs2015\sfmltetris\sfmltetris\tetris\tetris\networking.cpp(35): warning C4101: 'rss': unreferenced local variable
     1>d:\work\vs2015\sfmltetris\sfmltetris\tetris\tetris\networking.cpp(223): warning C4996: 'strcpy': This function or variable may be unsafe. Consider using strcpy_s instead. To disable deprecation, use _CRT_SECURE_NO_WARNINGS. See online help for details.
         c:\program files (x86)\windows kits\10\include\10.0.10150.0\ucrt\string.h(119): note: see declaration of 'strcpy'
     1>d:\work\vs2015\sfmltetris\sfmltetris\tetris\tetris\networking.cpp(224): warning C4996: 'strcpy': This function or variable may be unsafe. Consider using strcpy_s instead. To disable deprecation, use _CRT_SECURE_NO_WARNINGS. See online help for details.
         c:\program files (x86)\windows kits\10\include\10.0.10150.0\ucrt\string.h(119): note: see declaration of 'strcpy'
     1>d:\work\vs2015\sfmltetris\sfmltetris\tetris\tetris\networking.cpp(225): warning C4996: 'strcpy': This function or variable may be unsafe. Consider using strcpy_s instead. To disable deprecation, use _CRT_SECURE_NO_WARNINGS. See online help for details.
         c:\program files (x86)\windows kits\10\include\10.0.10150.0\ucrt\string.h(119): note: see declaration of 'strcpy'
     1>d:\work\vs2015\sfmltetris\sfmltetris\tetris\tetris\networking.cpp(208): warning C4101: 'isServer': unreferenced local variable
     1>d:\work\vs2015\sfmltetris\sfmltetris\tetris\tetris\networking.cpp(196): warning C4101: 'rss': unreferenced local variable
     1>d:\work\vs2015\sfmltetris\sfmltetris\tetris\tetris\networking.cpp(205): warning C4101: 'packetIdentifier': unreferenced local variable
     1>d:\work\vs2015\sfmltetris\sfmltetris\tetris\tetris\networking.cpp(271): warning C4477: 'printf' : format string '%I64u' requires an argument of type 'unsigned __int64', but variadic argument 1 has type 'RakNet::RakNetGUID'
         Generating Code...
       Link:
         C:\Program Files (x86)\Microsoft Visual Studio 14.0\VC\bin\x86_amd64\link.exe /ERRORREPORT:PROMPT /OUT:"D:\Work\VS2015\SFMLTetris\SFMLTetris\Tetris\x64\Debug\Tetris.exe" /INCREMENTAL /NOLOGO /LIBPATH:"../../SFML-2.3.2/lib" /LIBPATH:../../Raknet/Lib/LibStatic/Lib ws2_32.lib LibStatic_vc9_LibStatic_Debug_x64.lib "sfml-audio-s-d.lib" "sfml-graphics-s-d.lib" "sfml-main-d.lib" "sfml-system-s-d.lib" "sfml-window-s-d.lib" opengl32.lib jpeg.lib freetype.lib winmm.lib gdi32.lib kernel32.lib user32.lib gdi32.lib winspool.lib comdlg32.lib advapi32.lib shell32.lib ole32.lib oleaut32.lib uuid.lib odbc32.lib odbccp32.lib /MANIFEST /MANIFESTUAC:"level='asInvoker' uiAccess='false'" /manifest:embed /Debug /PDB:"D:\Work\VS2015\SFMLTetris\SFMLTetris\Tetris\x64\Debug\Tetris.pdb" /SUBSYSTEM:CONSOLE /TLBID:1 /DYNAMICBASE /NXCOMPAT /IMPLIB:"D:\Work\VS2015\SFMLTetris\SFMLTetris\Tetris\x64\Debug\Tetris.lib" /MACHINE:X64 x64\Debug\AIController.obj
         x64\Debug\AIEvaluator.obj
         x64\Debug\Game.obj
         x64\Debug\Main.obj
         x64\Debug\Networking.obj
         x64\Debug\stdafx.obj
         x64\Debug\Tetris.obj
     1>LibStatic_vc9_LibStatic_Debug_x64.lib(BitStream.obj) : warning LNK4099: PDB 'LibStatic_vc9_LibStatic_Debug_x64.pdb' was not found with 'LibStatic_vc9_LibStatic_Debug_x64.lib(BitStream.obj)' or at 'D:\Work\VS2015\SFMLTetris\SFMLTetris\Tetris\x64\Debug\LibStatic_vc9_LibStatic_Debug_x64.pdb'; linking object as if no debug info
     1>LibStatic_vc9_LibStatic_Debug_x64.lib(CCRakNetSlidingWindow.obj) : warning LNK4099: PDB 'LibStatic_vc9_LibStatic_Debug_x64.pdb' was not found with 'LibStatic_vc9_LibStatic_Debug_x64.lib(CCRakNetSlidingWindow.obj)' or at 'D:\Work\VS2015\SFMLTetris\SFMLTetris\Tetris\x64\Debug\LibStatic_vc9_LibStatic_Debug_x64.pdb'; linking object as if no debug info
     1>LibStatic_vc9_LibStatic_Debug_x64.lib(DR_SHA1.obj) : warning LNK4099: PDB 'LibStatic_vc9_LibStatic_Debug_x64.pdb' was not found with 'LibStatic_vc9_LibStatic_Debug_x64.lib(DR_SHA1.obj)' or at 'D:\Work\VS2015\SFMLTetris\SFMLTetris\Tetris\x64\Debug\LibStatic_vc9_LibStatic_Debug_x64.pdb'; linking object as if no debug info
     1>LibStatic_vc9_LibStatic_Debug_x64.lib(DS_ByteQueue.obj) : warning LNK4099: PDB 'LibStatic_vc9_LibStatic_Debug_x64.pdb' was not found with 'LibStatic_vc9_LibStatic_Debug_x64.lib(DS_ByteQueue.obj)' or at 'D:\Work\VS2015\SFMLTetris\SFMLTetris\Tetris\x64\Debug\LibStatic_vc9_LibStatic_Debug_x64.pdb'; linking object as if no debug info
     1>LibStatic_vc9_LibStatic_Debug_x64.lib(DS_HuffmanEncodingTree.obj) : warning LNK4099: PDB 'LibStatic_vc9_LibStatic_Debug_x64.pdb' was not found with 'LibStatic_vc9_LibStatic_Debug_x64.lib(DS_HuffmanEncodingTree.obj)' or at 'D:\Work\VS2015\SFMLTetris\SFMLTetris\Tetris\x64\Debug\LibStatic_vc9_LibStatic_Debug_x64.pdb'; linking object as if no debug info
     1>LibStatic_vc9_LibStatic_Debug_x64.lib(GetTime.obj) : warning LNK4099: PDB 'LibStatic_vc9_LibStatic_Debug_x64.pdb' was not found with 'LibStatic_vc9_LibStatic_Debug_x64.lib(GetTime.obj)' or at 'D:\Work\VS2015\SFMLTetris\SFMLTetris\Tetris\x64\Debug\LibStatic_vc9_LibStatic_Debug_x64.pdb'; linking object as if no debug info
     1>LibStatic_vc9_LibStatic_Debug_x64.lib(Itoa.obj) : warning LNK4099: PDB 'LibStatic_vc9_LibStatic_Debug_x64.pdb' was not found with 'LibStatic_vc9_LibStatic_Debug_x64.lib(Itoa.obj)' or at 'D:\Work\VS2015\SFMLTetris\SFMLTetris\Tetris\x64\Debug\LibStatic_vc9_LibStatic_Debug_x64.pdb'; linking object as if no debug info
     1>LibStatic_vc9_LibStatic_Debug_x64.lib(LocklessTypes.obj) : warning LNK4099: PDB 'LibStatic_vc9_LibStatic_Debug_x64.pdb' was not found with 'LibStatic_vc9_LibStatic_Debug_x64.lib(LocklessTypes.obj)' or at 'D:\Work\VS2015\SFMLTetris\SFMLTetris\Tetris\x64\Debug\LibStatic_vc9_LibStatic_Debug_x64.pdb'; linking object as if no debug info
     1>LibStatic_vc9_LibStatic_Debug_x64.lib(PluginInterface2.obj) : warning LNK4099: PDB 'LibStatic_vc9_LibStatic_Debug_x64.pdb' was not found with 'LibStatic_vc9_LibStatic_Debug_x64.lib(PluginInterface2.obj)' or at 'D:\Work\VS2015\SFMLTetris\SFMLTetris\Tetris\x64\Debug\LibStatic_vc9_LibStatic_Debug_x64.pdb'; linking object as if no debug info
     1>LibStatic_vc9_LibStatic_Debug_x64.lib(RakMemoryOverride.obj) : warning LNK4099: PDB 'LibStatic_vc9_LibStatic_Debug_x64.pdb' was not found with 'LibStatic_vc9_LibStatic_Debug_x64.lib(RakMemoryOverride.obj)' or at 'D:\Work\VS2015\SFMLTetris\SFMLTetris\Tetris\x64\Debug\LibStatic_vc9_LibStatic_Debug_x64.pdb'; linking object as if no debug info
     1>LibStatic_vc9_LibStatic_Debug_x64.lib(RakNetSocket2.obj) : warning LNK4099: PDB 'LibStatic_vc9_LibStatic_Debug_x64.pdb' was not found with 'LibStatic_vc9_LibStatic_Debug_x64.lib(RakNetSocket2.obj)' or at 'D:\Work\VS2015\SFMLTetris\SFMLTetris\Tetris\x64\Debug\LibStatic_vc9_LibStatic_Debug_x64.pdb'; linking object as if no debug info
     1>LibStatic_vc9_LibStatic_Debug_x64.lib(RakNetTypes.obj) : warning LNK4099: PDB 'LibStatic_vc9_LibStatic_Debug_x64.pdb' was not found with 'LibStatic_vc9_LibStatic_Debug_x64.lib(RakNetTypes.obj)' or at 'D:\Work\VS2015\SFMLTetris\SFMLTetris\Tetris\x64\Debug\LibStatic_vc9_LibStatic_Debug_x64.pdb'; linking object as if no debug info
     1>LibStatic_vc9_LibStatic_Debug_x64.lib(RakPeer.obj) : warning LNK4099: PDB 'LibStatic_vc9_LibStatic_Debug_x64.pdb' was not found with 'LibStatic_vc9_LibStatic_Debug_x64.lib(RakPeer.obj)' or at 'D:\Work\VS2015\SFMLTetris\SFMLTetris\Tetris\x64\Debug\LibStatic_vc9_LibStatic_Debug_x64.pdb'; linking object as if no debug info
     1>LibStatic_vc9_LibStatic_Debug_x64.lib(RakSleep.obj) : warning LNK4099: PDB 'LibStatic_vc9_LibStatic_Debug_x64.pdb' was not found with 'LibStatic_vc9_LibStatic_Debug_x64.lib(RakSleep.obj)' or at 'D:\Work\VS2015\SFMLTetris\SFMLTetris\Tetris\x64\Debug\LibStatic_vc9_LibStatic_Debug_x64.pdb'; linking object as if no debug info
     1>LibStatic_vc9_LibStatic_Debug_x64.lib(RakString.obj) : warning LNK4099: PDB 'LibStatic_vc9_LibStatic_Debug_x64.pdb' was not found with 'LibStatic_vc9_LibStatic_Debug_x64.lib(RakString.obj)' or at 'D:\Work\VS2015\SFMLTetris\SFMLTetris\Tetris\x64\Debug\LibStatic_vc9_LibStatic_Debug_x64.pdb'; linking object as if no debug info
     1>LibStatic_vc9_LibStatic_Debug_x64.lib(RakThread.obj) : warning LNK4099: PDB 'LibStatic_vc9_LibStatic_Debug_x64.pdb' was not found with 'LibStatic_vc9_LibStatic_Debug_x64.lib(RakThread.obj)' or at 'D:\Work\VS2015\SFMLTetris\SFMLTetris\Tetris\x64\Debug\LibStatic_vc9_LibStatic_Debug_x64.pdb'; linking object as if no debug info
     1>LibStatic_vc9_LibStatic_Debug_x64.lib(Rand.obj) : warning LNK4099: PDB 'LibStatic_vc9_LibStatic_Debug_x64.pdb' was not found with 'LibStatic_vc9_LibStatic_Debug_x64.lib(Rand.obj)' or at 'D:\Work\VS2015\SFMLTetris\SFMLTetris\Tetris\x64\Debug\LibStatic_vc9_LibStatic_Debug_x64.pdb'; linking object as if no debug info
     1>LibStatic_vc9_LibStatic_Debug_x64.lib(ReliabilityLayer.obj) : warning LNK4099: PDB 'LibStatic_vc9_LibStatic_Debug_x64.pdb' was not found with 'LibStatic_vc9_LibStatic_Debug_x64.lib(ReliabilityLayer.obj)' or at 'D:\Work\VS2015\SFMLTetris\SFMLTetris\Tetris\x64\Debug\LibStatic_vc9_LibStatic_Debug_x64.pdb'; linking object as if no debug info
     1>LibStatic_vc9_LibStatic_Debug_x64.lib(SignaledEvent.obj) : warning LNK4099: PDB 'LibStatic_vc9_LibStatic_Debug_x64.pdb' was not found with 'LibStatic_vc9_LibStatic_Debug_x64.lib(SignaledEvent.obj)' or at 'D:\Work\VS2015\SFMLTetris\SFMLTetris\Tetris\x64\Debug\LibStatic_vc9_LibStatic_Debug_x64.pdb'; linking object as if no debug info
     1>LibStatic_vc9_LibStatic_Debug_x64.lib(SimpleMutex.obj) : warning LNK4099: PDB 'LibStatic_vc9_LibStatic_Debug_x64.pdb' was not found with 'LibStatic_vc9_LibStatic_Debug_x64.lib(SimpleMutex.obj)' or at 'D:\Work\VS2015\SFMLTetris\SFMLTetris\Tetris\x64\Debug\LibStatic_vc9_LibStatic_Debug_x64.pdb'; linking object as if no debug info
     1>LibStatic_vc9_LibStatic_Debug_x64.lib(SocketLayer.obj) : warning LNK4099: PDB 'LibStatic_vc9_LibStatic_Debug_x64.pdb' was not found with 'LibStatic_vc9_LibStatic_Debug_x64.lib(SocketLayer.obj)' or at 'D:\Work\VS2015\SFMLTetris\SFMLTetris\Tetris\x64\Debug\LibStatic_vc9_LibStatic_Debug_x64.pdb'; linking object as if no debug info
     1>LibStatic_vc9_LibStatic_Debug_x64.lib(StringCompressor.obj) : warning LNK4099: PDB 'LibStatic_vc9_LibStatic_Debug_x64.pdb' was not found with 'LibStatic_vc9_LibStatic_Debug_x64.lib(StringCompressor.obj)' or at 'D:\Work\VS2015\SFMLTetris\SFMLTetris\Tetris\x64\Debug\LibStatic_vc9_LibStatic_Debug_x64.pdb'; linking object as if no debug info
     1>LibStatic_vc9_LibStatic_Debug_x64.lib(StringTable.obj) : warning LNK4099: PDB 'LibStatic_vc9_LibStatic_Debug_x64.pdb' was not found with 'LibStatic_vc9_LibStatic_Debug_x64.lib(StringTable.obj)' or at 'D:\Work\VS2015\SFMLTetris\SFMLTetris\Tetris\x64\Debug\LibStatic_vc9_LibStatic_Debug_x64.pdb'; linking object as if no debug info
     1>LibStatic_vc9_LibStatic_Debug_x64.lib(SuperFastHash.obj) : warning LNK4099: PDB 'LibStatic_vc9_LibStatic_Debug_x64.pdb' was not found with 'LibStatic_vc9_LibStatic_Debug_x64.lib(SuperFastHash.obj)' or at 'D:\Work\VS2015\SFMLTetris\SFMLTetris\Tetris\x64\Debug\LibStatic_vc9_LibStatic_Debug_x64.pdb'; linking object as if no debug info
     1>LibStatic_vc9_LibStatic_Debug_x64.lib(TCPInterface.obj) : warning LNK4099: PDB 'LibStatic_vc9_LibStatic_Debug_x64.pdb' was not found with 'LibStatic_vc9_LibStatic_Debug_x64.lib(TCPInterface.obj)' or at 'D:\Work\VS2015\SFMLTetris\SFMLTetris\Tetris\x64\Debug\LibStatic_vc9_LibStatic_Debug_x64.pdb'; linking object as if no debug info
     1>LibStatic_vc9_LibStatic_Debug_x64.lib(WSAStartupSingleton.obj) : warning LNK4099: PDB 'LibStatic_vc9_LibStatic_Debug_x64.pdb' was not found with 'LibStatic_vc9_LibStatic_Debug_x64.lib(WSAStartupSingleton.obj)' or at 'D:\Work\VS2015\SFMLTetris\SFMLTetris\Tetris\x64\Debug\LibStatic_vc9_LibStatic_Debug_x64.pdb'; linking object as if no debug info
     1>sfml-graphics-s-d.lib(BlendMode.cpp.obj) : warning LNK4099: PDB 'vc140.pdb' was not found with 'sfml-graphics-s-d.lib(BlendMode.cpp.obj)' or at 'D:\Work\VS2015\SFMLTetris\SFMLTetris\Tetris\x64\Debug\vc140.pdb'; linking object as if no debug info
     1>sfml-graphics-s-d.lib(Color.cpp.obj) : warning LNK4099: PDB 'vc140.pdb' was not found with 'sfml-graphics-s-d.lib(Color.cpp.obj)' or at 'D:\Work\VS2015\SFMLTetris\SFMLTetris\Tetris\x64\Debug\vc140.pdb'; linking object as if no debug info
     1>sfml-graphics-s-d.lib(Font.cpp.obj) : warning LNK4099: PDB 'vc140.pdb' was not found with 'sfml-graphics-s-d.lib(Font.cpp.obj)' or at 'D:\Work\VS2015\SFMLTetris\SFMLTetris\Tetris\x64\Debug\vc140.pdb'; linking object as if no debug info
     1>sfml-graphics-s-d.lib(GLCheck.cpp.obj) : warning LNK4099: PDB 'vc140.pdb' was not found with 'sfml-graphics-s-d.lib(GLCheck.cpp.obj)' or at 'D:\Work\VS2015\SFMLTetris\SFMLTetris\Tetris\x64\Debug\vc140.pdb'; linking object as if no debug info
     1>sfml-graphics-s-d.lib(GLExtensions.cpp.obj) : warning LNK4099: PDB 'vc140.pdb' was not found with 'sfml-graphics-s-d.lib(GLExtensions.cpp.obj)' or at 'D:\Work\VS2015\SFMLTetris\SFMLTetris\Tetris\x64\Debug\vc140.pdb'; linking object as if no debug info
     1>sfml-graphics-s-d.lib(Image.cpp.obj) : warning LNK4099: PDB 'vc140.pdb' was not found with 'sfml-graphics-s-d.lib(Image.cpp.obj)' or at 'D:\Work\VS2015\SFMLTetris\SFMLTetris\Tetris\x64\Debug\vc140.pdb'; linking object as if no debug info
     1>sfml-graphics-s-d.lib(ImageLoader.cpp.obj) : warning LNK4099: PDB 'vc140.pdb' was not found with 'sfml-graphics-s-d.lib(ImageLoader.cpp.obj)' or at 'D:\Work\VS2015\SFMLTetris\SFMLTetris\Tetris\x64\Debug\vc140.pdb'; linking object as if no debug info
     1>sfml-graphics-s-d.lib(RenderStates.cpp.obj) : warning LNK4099: PDB 'vc140.pdb' was not found with 'sfml-graphics-s-d.lib(RenderStates.cpp.obj)' or at 'D:\Work\VS2015\SFMLTetris\SFMLTetris\Tetris\x64\Debug\vc140.pdb'; linking object as if no debug info
     1>sfml-graphics-s-d.lib(RenderTarget.cpp.obj) : warning LNK4099: PDB 'vc140.pdb' was not found with 'sfml-graphics-s-d.lib(RenderTarget.cpp.obj)' or at 'D:\Work\VS2015\SFMLTetris\SFMLTetris\Tetris\x64\Debug\vc140.pdb'; linking object as if no debug info
     1>sfml-graphics-s-d.lib(RenderWindow.cpp.obj) : warning LNK4099: PDB 'vc140.pdb' was not found with 'sfml-graphics-s-d.lib(RenderWindow.cpp.obj)' or at 'D:\Work\VS2015\SFMLTetris\SFMLTetris\Tetris\x64\Debug\vc140.pdb'; linking object as if no debug info
     1>sfml-graphics-s-d.lib(Shader.cpp.obj) : warning LNK4099: PDB 'vc140.pdb' was not found with 'sfml-graphics-s-d.lib(Shader.cpp.obj)' or at 'D:\Work\VS2015\SFMLTetris\SFMLTetris\Tetris\x64\Debug\vc140.pdb'; linking object as if no debug info
     1>sfml-graphics-s-d.lib(Texture.cpp.obj) : warning LNK4099: PDB 'vc140.pdb' was not found with 'sfml-graphics-s-d.lib(Texture.cpp.obj)' or at 'D:\Work\VS2015\SFMLTetris\SFMLTetris\Tetris\x64\Debug\vc140.pdb'; linking object as if no debug info
     1>sfml-graphics-s-d.lib(TextureSaver.cpp.obj) : warning LNK4099: PDB 'vc140.pdb' was not found with 'sfml-graphics-s-d.lib(TextureSaver.cpp.obj)' or at 'D:\Work\VS2015\SFMLTetris\SFMLTetris\Tetris\x64\Debug\vc140.pdb'; linking object as if no debug info
     1>sfml-graphics-s-d.lib(Transform.cpp.obj) : warning LNK4099: PDB 'vc140.pdb' was not found with 'sfml-graphics-s-d.lib(Transform.cpp.obj)' or at 'D:\Work\VS2015\SFMLTetris\SFMLTetris\Tetris\x64\Debug\vc140.pdb'; linking object as if no debug info
     1>sfml-graphics-s-d.lib(Transformable.cpp.obj) : warning LNK4099: PDB 'vc140.pdb' was not found with 'sfml-graphics-s-d.lib(Transformable.cpp.obj)' or at 'D:\Work\VS2015\SFMLTetris\SFMLTetris\Tetris\x64\Debug\vc140.pdb'; linking object as if no debug info
     1>sfml-graphics-s-d.lib(View.cpp.obj) : warning LNK4099: PDB 'vc140.pdb' was not found with 'sfml-graphics-s-d.lib(View.cpp.obj)' or at 'D:\Work\VS2015\SFMLTetris\SFMLTetris\Tetris\x64\Debug\vc140.pdb'; linking object as if no debug info
     1>sfml-graphics-s-d.lib(Vertex.cpp.obj) : warning LNK4099: PDB 'vc140.pdb' was not found with 'sfml-graphics-s-d.lib(Vertex.cpp.obj)' or at 'D:\Work\VS2015\SFMLTetris\SFMLTetris\Tetris\x64\Debug\vc140.pdb'; linking object as if no debug info
     1>sfml-graphics-s-d.lib(GLLoader.cpp.obj) : warning LNK4099: PDB 'vc140.pdb' was not found with 'sfml-graphics-s-d.lib(GLLoader.cpp.obj)' or at 'D:\Work\VS2015\SFMLTetris\SFMLTetris\Tetris\x64\Debug\vc140.pdb'; linking object as if no debug info
     1>sfml-graphics-s-d.lib(Shape.cpp.obj) : warning LNK4099: PDB 'vc140.pdb' was not found with 'sfml-graphics-s-d.lib(Shape.cpp.obj)' or at 'D:\Work\VS2015\SFMLTetris\SFMLTetris\Tetris\x64\Debug\vc140.pdb'; linking object as if no debug info
     1>sfml-graphics-s-d.lib(RectangleShape.cpp.obj) : warning LNK4099: PDB 'vc140.pdb' was not found with 'sfml-graphics-s-d.lib(RectangleShape.cpp.obj)' or at 'D:\Work\VS2015\SFMLTetris\SFMLTetris\Tetris\x64\Debug\vc140.pdb'; linking object as if no debug info
     1>sfml-graphics-s-d.lib(Text.cpp.obj) : warning LNK4099: PDB 'vc140.pdb' was not found with 'sfml-graphics-s-d.lib(Text.cpp.obj)' or at 'D:\Work\VS2015\SFMLTetris\SFMLTetris\Tetris\x64\Debug\vc140.pdb'; linking object as if no debug info
     1>sfml-graphics-s-d.lib(VertexArray.cpp.obj) : warning LNK4099: PDB 'vc140.pdb' was not found with 'sfml-graphics-s-d.lib(VertexArray.cpp.obj)' or at 'D:\Work\VS2015\SFMLTetris\SFMLTetris\Tetris\x64\Debug\vc140.pdb'; linking object as if no debug info
     1>sfml-system-s-d.lib(Clock.cpp.obj) : warning LNK4099: PDB 'vc140.pdb' was not found with 'sfml-system-s-d.lib(Clock.cpp.obj)' or at 'D:\Work\VS2015\SFMLTetris\SFMLTetris\Tetris\x64\Debug\vc140.pdb'; linking object as if no debug info
     1>sfml-system-s-d.lib(Err.cpp.obj) : warning LNK4099: PDB 'vc140.pdb' was not found with 'sfml-system-s-d.lib(Err.cpp.obj)' or at 'D:\Work\VS2015\SFMLTetris\SFMLTetris\Tetris\x64\Debug\vc140.pdb'; linking object as if no debug info
     1>sfml-system-s-d.lib(Lock.cpp.obj) : warning LNK4099: PDB 'vc140.pdb' was not found with 'sfml-system-s-d.lib(Lock.cpp.obj)' or at 'D:\Work\VS2015\SFMLTetris\SFMLTetris\Tetris\x64\Debug\vc140.pdb'; linking object as if no debug info
     1>sfml-system-s-d.lib(Mutex.cpp.obj) : warning LNK4099: PDB 'vc140.pdb' was not found with 'sfml-system-s-d.lib(Mutex.cpp.obj)' or at 'D:\Work\VS2015\SFMLTetris\SFMLTetris\Tetris\x64\Debug\vc140.pdb'; linking object as if no debug info
     1>sfml-system-s-d.lib(Sleep.cpp.obj) : warning LNK4099: PDB 'vc140.pdb' was not found with 'sfml-system-s-d.lib(Sleep.cpp.obj)' or at 'D:\Work\VS2015\SFMLTetris\SFMLTetris\Tetris\x64\Debug\vc140.pdb'; linking object as if no debug info
     1>sfml-system-s-d.lib(String.cpp.obj) : warning LNK4099: PDB 'vc140.pdb' was not found with 'sfml-system-s-d.lib(String.cpp.obj)' or at 'D:\Work\VS2015\SFMLTetris\SFMLTetris\Tetris\x64\Debug\vc140.pdb'; linking object as if no debug info
     1>sfml-system-s-d.lib(ThreadLocal.cpp.obj) : warning LNK4099: PDB 'vc140.pdb' was not found with 'sfml-system-s-d.lib(ThreadLocal.cpp.obj)' or at 'D:\Work\VS2015\SFMLTetris\SFMLTetris\Tetris\x64\Debug\vc140.pdb'; linking object as if no debug info
     1>sfml-system-s-d.lib(Time.cpp.obj) : warning LNK4099: PDB 'vc140.pdb' was not found with 'sfml-system-s-d.lib(Time.cpp.obj)' or at 'D:\Work\VS2015\SFMLTetris\SFMLTetris\Tetris\x64\Debug\vc140.pdb'; linking object as if no debug info
     1>sfml-system-s-d.lib(ClockImpl.cpp.obj) : warning LNK4099: PDB 'vc140.pdb' was not found with 'sfml-system-s-d.lib(ClockImpl.cpp.obj)' or at 'D:\Work\VS2015\SFMLTetris\SFMLTetris\Tetris\x64\Debug\vc140.pdb'; linking object as if no debug info
     1>sfml-system-s-d.lib(MutexImpl.cpp.obj) : warning LNK4099: PDB 'vc140.pdb' was not found with 'sfml-system-s-d.lib(MutexImpl.cpp.obj)' or at 'D:\Work\VS2015\SFMLTetris\SFMLTetris\Tetris\x64\Debug\vc140.pdb'; linking object as if no debug info
     1>sfml-system-s-d.lib(SleepImpl.cpp.obj) : warning LNK4099: PDB 'vc140.pdb' was not found with 'sfml-system-s-d.lib(SleepImpl.cpp.obj)' or at 'D:\Work\VS2015\SFMLTetris\SFMLTetris\Tetris\x64\Debug\vc140.pdb'; linking object as if no debug info
     1>sfml-system-s-d.lib(ThreadLocalImpl.cpp.obj) : warning LNK4099: PDB 'vc140.pdb' was not found with 'sfml-system-s-d.lib(ThreadLocalImpl.cpp.obj)' or at 'D:\Work\VS2015\SFMLTetris\SFMLTetris\Tetris\x64\Debug\vc140.pdb'; linking object as if no debug info
     1>sfml-window-s-d.lib(Context.cpp.obj) : warning LNK4099: PDB 'vc140.pdb' was not found with 'sfml-window-s-d.lib(Context.cpp.obj)' or at 'D:\Work\VS2015\SFMLTetris\SFMLTetris\Tetris\x64\Debug\vc140.pdb'; linking object as if no debug info
     1>sfml-window-s-d.lib(GlContext.cpp.obj) : warning LNK4099: PDB 'vc140.pdb' was not found with 'sfml-window-s-d.lib(GlContext.cpp.obj)' or at 'D:\Work\VS2015\SFMLTetris\SFMLTetris\Tetris\x64\Debug\vc140.pdb'; linking object as if no debug info
     1>sfml-window-s-d.lib(GlResource.cpp.obj) : warning LNK4099: PDB 'vc140.pdb' was not found with 'sfml-window-s-d.lib(GlResource.cpp.obj)' or at 'D:\Work\VS2015\SFMLTetris\SFMLTetris\Tetris\x64\Debug\vc140.pdb'; linking object as if no debug info
     1>sfml-window-s-d.lib(Joystick.cpp.obj) : warning LNK4099: PDB 'vc140.pdb' was not found with 'sfml-window-s-d.lib(Joystick.cpp.obj)' or at 'D:\Work\VS2015\SFMLTetris\SFMLTetris\Tetris\x64\Debug\vc140.pdb'; linking object as if no debug info
     1>sfml-window-s-d.lib(JoystickManager.cpp.obj) : warning LNK4099: PDB 'vc140.pdb' was not found with 'sfml-window-s-d.lib(JoystickManager.cpp.obj)' or at 'D:\Work\VS2015\SFMLTetris\SFMLTetris\Tetris\x64\Debug\vc140.pdb'; linking object as if no debug info
     1>sfml-window-s-d.lib(Keyboard.cpp.obj) : warning LNK4099: PDB 'vc140.pdb' was not found with 'sfml-window-s-d.lib(Keyboard.cpp.obj)' or at 'D:\Work\VS2015\SFMLTetris\SFMLTetris\Tetris\x64\Debug\vc140.pdb'; linking object as if no debug info
     1>sfml-window-s-d.lib(SensorManager.cpp.obj) : warning LNK4099: PDB 'vc140.pdb' was not found with 'sfml-window-s-d.lib(SensorManager.cpp.obj)' or at 'D:\Work\VS2015\SFMLTetris\SFMLTetris\Tetris\x64\Debug\vc140.pdb'; linking object as if no debug info
     1>sfml-window-s-d.lib(VideoMode.cpp.obj) : warning LNK4099: PDB 'vc140.pdb' was not found with 'sfml-window-s-d.lib(VideoMode.cpp.obj)' or at 'D:\Work\VS2015\SFMLTetris\SFMLTetris\Tetris\x64\Debug\vc140.pdb'; linking object as if no debug info
     1>sfml-window-s-d.lib(Window.cpp.obj) : warning LNK4099: PDB 'vc140.pdb' was not found with 'sfml-window-s-d.lib(Window.cpp.obj)' or at 'D:\Work\VS2015\SFMLTetris\SFMLTetris\Tetris\x64\Debug\vc140.pdb'; linking object as if no debug info
     1>sfml-window-s-d.lib(WindowImpl.cpp.obj) : warning LNK4099: PDB 'vc140.pdb' was not found with 'sfml-window-s-d.lib(WindowImpl.cpp.obj)' or at 'D:\Work\VS2015\SFMLTetris\SFMLTetris\Tetris\x64\Debug\vc140.pdb'; linking object as if no debug info
     1>sfml-window-s-d.lib(WglContext.cpp.obj) : warning LNK4099: PDB 'vc140.pdb' was not found with 'sfml-window-s-d.lib(WglContext.cpp.obj)' or at 'D:\Work\VS2015\SFMLTetris\SFMLTetris\Tetris\x64\Debug\vc140.pdb'; linking object as if no debug info
     1>sfml-window-s-d.lib(WglExtensions.cpp.obj) : warning LNK4099: PDB 'vc140.pdb' was not found with 'sfml-window-s-d.lib(WglExtensions.cpp.obj)' or at 'D:\Work\VS2015\SFMLTetris\SFMLTetris\Tetris\x64\Debug\vc140.pdb'; linking object as if no debug info
     1>sfml-window-s-d.lib(InputImpl.cpp.obj) : warning LNK4099: PDB 'vc140.pdb' was not found with 'sfml-window-s-d.lib(InputImpl.cpp.obj)' or at 'D:\Work\VS2015\SFMLTetris\SFMLTetris\Tetris\x64\Debug\vc140.pdb'; linking object as if no debug info
     1>sfml-window-s-d.lib(JoystickImpl.cpp.obj) : warning LNK4099: PDB 'vc140.pdb' was not found with 'sfml-window-s-d.lib(JoystickImpl.cpp.obj)' or at 'D:\Work\VS2015\SFMLTetris\SFMLTetris\Tetris\x64\Debug\vc140.pdb'; linking object as if no debug info
     1>sfml-window-s-d.lib(SensorImpl.cpp.obj) : warning LNK4099: PDB 'vc140.pdb' was not found with 'sfml-window-s-d.lib(SensorImpl.cpp.obj)' or at 'D:\Work\VS2015\SFMLTetris\SFMLTetris\Tetris\x64\Debug\vc140.pdb'; linking object as if no debug info
     1>sfml-window-s-d.lib(VideoModeImpl.cpp.obj) : warning LNK4099: PDB 'vc140.pdb' was not found with 'sfml-window-s-d.lib(VideoModeImpl.cpp.obj)' or at 'D:\Work\VS2015\SFMLTetris\SFMLTetris\Tetris\x64\Debug\vc140.pdb'; linking object as if no debug info
     1>sfml-window-s-d.lib(WindowImplWin32.cpp.obj) : warning LNK4099: PDB 'vc140.pdb' was not found with 'sfml-window-s-d.lib(WindowImplWin32.cpp.obj)' or at 'D:\Work\VS2015\SFMLTetris\SFMLTetris\Tetris\x64\Debug\vc140.pdb'; linking object as if no debug info
         Tetris.vcxproj -> D:\Work\VS2015\SFMLTetris\SFMLTetris\Tetris\x64\Debug\Tetris.exe
     1>Done Building Project "D:\Work\VS2015\SFMLTetris\SFMLTetris\Tetris\Tetris\Tetris.vcxproj" (Build target(s)).

Build succeeded.

Time Elapsed 00:00:02.21
